生成启动时间为 2018/11/10 星期六 9:08:13。
     1>项目“E:\Workdir\Bloom\Bloom\Bloom\Bloom.vcxproj”在节点 2 上(Build 个目标)。
     1>ClCompile:
         C:\Program Files (x86)\Microsoft Visual Studio 14.0\VC\bin\CL.exe /c /I"..\DirectXTK-master\Inc" /ZI /nologo /W3 /WX- /sdl /Od /Oy- /D WIN32 /D _DEBUG /D _WINDOWS /D _UNICODE /D UNICODE /Gm /EHsc /RTC1 /MDd /GS /fp:precise /Zc:wchar_t /Zc:forScope /Zc:inline /Fo"Debug\\" /Fd"Debug\vc140.pdb" /Gd /TP /analyze- /errorReport:prompt Bloom.cpp
         Bloom.cpp
       Link:
         C:\Program Files (x86)\Microsoft Visual Studio 14.0\VC\bin\link.exe /ERRORREPORT:PROMPT /OUT:"E:\Workdir\Bloom\Bloom\Debug\Bloom.exe" /INCREMENTAL /NOLOGO kernel32.lib user32.lib gdi32.lib winspool.lib comdlg32.lib advapi32.lib shell32.lib ole32.lib oleaut32.lib uuid.lib odbc32.lib odbccp32.lib /MANIFEST /MANIFESTUAC:"level='asInvoker' uiAccess='false'" /manifest:embed /Debug /PDB:"E:\Workdir\Bloom\Bloom\Debug\Bloom.pdb" /SUBSYSTEM:WINDOWS /TLBID:1 /DYNAMICBASE /NXCOMPAT /IMPLIB:"E:\Workdir\Bloom\Bloom\Debug\Bloom.lib" /MACHINE:X86 Debug\Bloom.res
         Debug\Bloom.obj
         Debug\DataBuffer.obj
         Debug\EffectManager.obj
         Debug\Functional.obj
         Debug\Log.obj
         Debug\Material.obj
         Debug\Matrix3.obj
         Debug\Matrix4.obj
         Debug\Quaternion.obj
         Debug\SimpleMath.obj
         Debug\Vector2.obj
         Debug\Vector3.obj
         Debug\Vector4.obj
         Debug\Mesh.obj
         Debug\GameLogicManager.obj
         Debug\RenderGroupManager.obj
         Debug\RenderSystem.obj
         Debug\ResourceManager.obj
         Debug\Scene.obj
         Debug\SceneNode.obj
         Debug\Shader.obj
         Debug\stdafx.obj
         Debug\Texture.obj
         Debug\Timer.obj
     1>Texture.obj : error LNK2019: 无法解析的外部符号 "long __cdecl DirectX::CreateDDSTextureFromMemory(struct ID3D11Device *,unsigned char const *,unsigned int,struct ID3D11Resource * *,struct ID3D11ShaderResourceView * *,unsigned int,enum DirectX::DDS_ALPHA_MODE *)" (?CreateDDSTextureFromMemory@DirectX@@YAJPAUID3D11Device@@PBEIPAPAUID3D11Resource@@PAPAUID3D11ShaderResourceView@@IPAW4DDS_ALPHA_MODE@1@@Z)，该符号在函数 "public: class D3d11Texture * __thiscall TextureManager::LoadTextureFromMemory(class std::basic_string<char,struct std::char_traits<char>,class std::allocator<char> >,struct ID3D11Device *,unsigned char *,int,bool)" (?LoadTextureFromMemory@TextureManager@@QAEPAVD3d11Texture@@V?$basic_string@DU?$char_traits@D@std@@V?$allocator@D@2@@std@@PAUID3D11Device@@PAEH_N@Z) 中被引用
     1>Texture.obj : error LNK2019: 无法解析的外部符号 "long __cdecl DirectX::CreateWICTextureFromMemory(struct ID3D11Device *,unsigned char const *,unsigned int,struct ID3D11Resource * *,struct ID3D11ShaderResourceView * *,unsigned int)" (?CreateWICTextureFromMemory@DirectX@@YAJPAUID3D11Device@@PBEIPAPAUID3D11Resource@@PAPAUID3D11ShaderResourceView@@I@Z)，该符号在函数 "public: class D3d11Texture * __thiscall TextureManager::LoadTextureFromMemory(class std::basic_string<char,struct std::char_traits<char>,class std::allocator<char> >,struct ID3D11Device *,unsigned char *,int,bool)" (?LoadTextureFromMemory@TextureManager@@QAEPAVD3d11Texture@@V?$basic_string@DU?$char_traits@D@std@@V?$allocator@D@2@@std@@PAUID3D11Device@@PAEH_N@Z) 中被引用
     1>DirectXTK.lib : warning LNK4272: 库计算机类型“x64”与目标计算机类型“X86”冲突
     1>E:\Workdir\Bloom\Bloom\Debug\Bloom.exe : fatal error LNK1120: 2 个无法解析的外部命令
     1>已完成生成项目“E:\Workdir\Bloom\Bloom\Bloom\Bloom.vcxproj”(Build 个目标)的操作 - 失败。

生成失败。

已用时间 00:00:01.05
